<?xml version="1.0" encoding="UTF-8"?>
<!-- Generated by org.testng.reporters.JUnitXMLReporter -->
<testsuite hostname="GHYDMS1052607L" ignored="0" name="DealsTest" tests="3" failures="0" timestamp="2020-02-17T14:33:49 IST" time="61.989" errors="0">
  <testcase name="DealsTestMethod" time="31.083" classname="com.amazon.tests.DealsTest"/>
  <testcase name="GiftsTestMethod" time="9.481" classname="com.amazon.tests.GiftsTest"/>
  <testcase name="DealsTestMethod" time="34.327" classname="com.amazon.tests.DealsTest"/>
</testsuite> <!-- DealsTest -->
