<?xml version="1.0" encoding="UTF-8"?>
<!-- Generated by org.testng.reporters.JUnitXMLReporter -->
<testsuite hostname="GHYDMS1052607L" ignored="0" name="DealsTest" tests="3" failures="0" timestamp="2020-02-22T22:07:16 IST" time="71.78" errors="0">
  <testcase name="DealsTestMethod" time="29.796" classname="com.amazon.tests.DealsTest"/>
  <testcase name="GiftsTestMethod" time="18.244" classname="com.amazon.tests.GiftsTest"/>
  <testcase name="DealsTestMethod" time="45.147" classname="com.amazon.tests.DealsTest"/>
</testsuite> <!-- DealsTest -->
