<?xml version="1.0" encoding="UTF-8"?>
<!-- Generated by org.testng.reporters.JUnitXMLReporter -->
<testsuite hostname="GHYDMS1052607L" ignored="0" name="DealsTest" tests="3" failures="1" timestamp="2020-02-23T00:15:51 IST" time="119.857" errors="0">
  <testcase name="GiftsTestMethod" time="16.685" classname="com.amazon.tests.GiftsTest">
    <failure type="java.lang.NoClassDefFoundError" message="org/openqa/selenium/WrapsDriver">
      <![CDATA[java.lang.NoClassDefFoundError: org/openqa/selenium/WrapsDriver
at org.openqa.selenium.support.ui.WebDriverWait.timeoutException(WebDriverWait.java:97)
at org.openqa.selenium.support.ui.FluentWait.until(FluentWait.java:272)
at com.amazon.base.BaseActions.waitFor(BaseActions.java:35)
at com.amazon.base.BaseActions.waitFor(BaseActions.java:49)
at com.amazon.base.BaseActions.find(BaseActions.java:63)
at com.amazon.base.BaseActions.Click(BaseActions.java:83)
at com.amazon.pages.HomePage.ClickGiftsLink(HomePage.java:54)
at com.amazon.tests.GiftsTest.GiftsTestMethod(GiftsTest.java:22)
at java.util.ArrayList.forEach(ArrayList.java:1257)
at java.util.concurrent.FutureTask.run(FutureTask.java:266)
at java.util.concurrent.ThreadPoolExecutor.runWorker(ThreadPoolExecutor.java:1149)
at java.util.concurrent.ThreadPoolExecutor$Worker.run(ThreadPoolExecutor.java:624)
at java.lang.Thread.run(Thread.java:748)
Caused by: java.lang.ClassNotFoundException: org.openqa.selenium.WrapsDriver
at java.net.URLClassLoader.findClass(URLClassLoader.java:382)
at java.lang.ClassLoader.loadClass(ClassLoader.java:418)
at sun.misc.Launcher$AppClassLoader.loadClass(Launcher.java:355)
at java.lang.ClassLoader.loadClass(ClassLoader.java:351)
... 31 more
... Removed 18 stack frames]]>
    </failure>
  </testcase> <!-- GiftsTestMethod -->
  <testcase name="DealsTestMethod" time="28.847" classname="com.amazon.tests.DealsTest"/>
  <testcase name="DealsTestMethod" time="29.025" classname="com.amazon.tests.DealsTest"/>
</testsuite> <!-- DealsTest -->
