<?xml version="1.0" encoding="UTF-8"?>
<testsuite xmlns:xsi="http://www.w3.org/2001/XMLSchema-instance" xsi:noNamespaceSchemaLocation="https://maven.apache.org/surefire/maven-surefire-plugin/xsd/surefire-test-report-3.0.xsd" version="3.0" name="TestSuite" time="121.876" tests="3" errors="0" skipped="0" failures="1">
  <properties>
[...]
</properties>
  <testcase name="GiftsTestMethod" classname="com.amazon.tests.GiftsTest" time="21.012">
    <failure message="org/openqa/selenium/WrapsDriver" type="java.lang.NoClassDefFoundError"><![CDATA[java.lang.NoClassDefFoundError: org/openqa/selenium/WrapsDriver
	at com.amazon.tests.GiftsTest.GiftsTestMethod(GiftsTest.java:22)
Caused by: java.lang.ClassNotFoundException: org.openqa.selenium.WrapsDriver
	at com.amazon.tests.GiftsTest.GiftsTestMethod(GiftsTest.java:22)
]]></failure>
    <system-out><![CDATA[The Test execution is started
The Test execution is started
GiftsTestMethod test case started
 INFO [TestNG-tests-2] (GiftsTest.java:18) - Starting Gifts Test Method
DealsTestMethod test case started
 INFO [TestNG-PoolService-0] (DealsTest.java:22) - Starting Deals Test Method
DealsTestMethod test case started
 INFO [TestNG-PoolService-1] (DealsTest.java:22) - Starting Deals Test Method
 INFO [TestNG-PoolService-1] (HomePage.java:33) - Trying to click on Deals link
 INFO [TestNG-PoolService-1] (BaseActions.java:82) - Trying to click on element with the locator path:By.linkText: Today's Deals
 INFO [TestNG-tests-2] (HomePage.java:53) - Trying to click on Gift Cards Link
 INFO [TestNG-tests-2] (BaseActions.java:82) - Trying to click on element with the locator path:By.linkText: Gift Ideas
 INFO [TestNG-PoolService-0] (HomePage.java:33) - Trying to click on Deals link
 INFO [TestNG-PoolService-0] (BaseActions.java:82) - Trying to click on element with the locator path:By.linkText: Today's Deals
 INFO [TestNG-PoolService-1] (BaseActions.java:84) - Successfully clicked on element with the locator path:By.linkText: Today's Deals
 INFO [TestNG-PoolService-1] (HomePage.java:35) - Successfully clicked on Deals link
 INFO [TestNG-PoolService-0] (BaseActions.java:84) - Successfully clicked on element with the locator path:By.linkText: Today's Deals
 INFO [TestNG-PoolService-0] (HomePage.java:35) - Successfully clicked on Deals link
 INFO [TestNG-PoolService-1] (BaseActions.java:82) - Trying to click on element with the locator path:By.xpath: /html/body/div[1]/header/div/div[4]/a[2]/span
 INFO [TestNG-PoolService-0] (BaseActions.java:82) - Trying to click on element with the locator path:By.xpath: /html/body/div[1]/header/div/div[4]/a[2]/span
The name of the testcase failed is :GiftsTestMethod
23_02_20_00_15_22
]]></system-out>
    <system-err><![CDATA[SLF4J: Failed to load class "org.slf4j.impl.StaticLoggerBinder".
SLF4J: Defaulting to no-operation (NOP) logger implementation
SLF4J: See http://www.slf4j.org/codes.html#StaticLoggerBinder for further details.
log4j:WARN No appenders could be found for logger (org.apache.http.client.protocol.RequestAddCookies).
log4j:WARN Please initialize the log4j system properly.
log4j:WARN See http://logging.apache.org/log4j/1.2/faq.html#noconfig for more info.
11558823297035297371	0mo5zr2un7n3e0r	:m:orzruunnnneer	r::IrNuFnOn	eRurn	nIiNnFgO 	cRoumnmnainndg:  c"oC:\\Pmrmoagnrdam:  F"ilesC :\\Program Files (x86)\\M(oxz8i6l)l\a\ Mozilla FirFirefox\\firefox.efox\\firefoexx.e"e x"e-"m ar"i-omnaertitoen"e t"-teforegr"ound" "-n o"--rfeoreground" "-no-rmemote" "-profote"i "-lper"o f"iCl:e"\ \"UCs:e\r\sU\s\ecrksh\6\kcokrh\6\kAoprp\D\aAtpap\D\Local\\Teampta\\\Local\\Temp\\rust_mozprofi\lerGuIst_mozprofilenXm0oP"
OQuJ"
1582397052732	mozrunner::runner	INFO	Running command: "C:\\Program Files (x86)\\Mozilla Firefox\\firefox.exe" "-marionette" "-foreground" "-no-remote" "-profile" "C:\\Users\\ckh6kor\\AppData\\Local\\Temp\\rust_mozprofilecP1akI"
1582397056496	addons.webextension.screenshots@mozilla.org	WARN	Loading extension 'screenshots@mozilla.org': Reading manifest: Invalid extension permission: mozillaAddons
1582397056496	addons.webextension.screenshots@mozilla.org	WARN	Loading extension 'screenshots@mozilla.org': Reading manifest: Invalid extension permission: telemetry
1582397056497	addons.webextension.screenshots@mozilla.org	WARN	Loading extension 'screenshots@mozilla.org': Reading manifest: Invalid extension permission: resource://pdf.js/
1582397056510	addons.webextension.screenshots@mozilla.org	WARN	Loading extension 'screenshots@mozilla.org': Reading manifest: Invalid extension permission: about:reader*
1582397056515	addons.webextension.screenshots@mozilla.org	WARN	Loading extension 'screenshots@mozilla.org': Reading manifest: Invalid extension permission: mozillaAddons
1582397056515	addons.webextension.screenshots@mozilla.org	WARN	Loading extension 'screenshots@mozilla.org': Reading manifest: Invalid extension permission: telemetry
1582397056518	addons.webextension.screenshots@mozilla.org	WARN	Loading extension 'screenshots@mozilla.org': Reading manifest: Invalid extension permission: resource://pdf.js/
1582397056519	addons.webextension.screenshots@mozilla.org	WARN	Loading extension 'screenshots@mozilla.org': Reading manifest: Invalid extension permission: about:reader*
1582397056781	addons.webextension.screenshots@mozilla.org	WARN	Loading extension 'screenshots@mozilla.org': Reading manifest: Invalid extension permission: mozillaAddons
1582397056781	addons.webextension.screenshots@mozilla.org	WARN	Loading extension 'screenshots@mozilla.org': Reading manifest: Invalid extension permission: telemetry
1582397056782	addons.webextension.screenshots@mozilla.org	WARN	Loading extension 'screenshots@mozilla.org': Reading manifest: Invalid extension permission: resource://pdf.js/
1582397056782	addons.webextension.screenshots@mozilla.org	WARN	Loading extension 'screenshots@mozilla.org': Reading manifest: Invalid extension permission: about:reader*
[Parent 10360, Gecko_IOThread] WARNING: pipe error: 109: file z:/task_1[Parent 2916, Gecko_IOThread] WARNING: pipe error: 109: file z:/task_1578431244/build/src/ipc/chromium/src/chrome/common/ipc_channel_win.cc, line 341
578431244/build/src/ipc/chromium/src/chrome/common/ipc_channel_win.cc, line 341
[Child 17144, Chrome_ChildThread] WARNING: pipe error: 109: file z:/task_1578431244/build/src/ipc/chromium/src/chrome/common/ipc_channel_win.cc, line 341
[Child 8652, Chrome_ChildThread] WARNING: pipe error: 109: file z:/task_1578431244/build/src/ipc/chromium/src/chrome/common/ipc_channel_win.cc, line 341
JavaScript error: resource:///modules/sessionstore/SessionStore.jsm, line 1325: uncaught exception: 2147746065
[Parent 2916, Gecko_IOThread] WARNING: file z:/task_1578431244/build/src/ipc/chromium/src/base/process_util_win.cc, line 160
JavaScript error: resource:///modules/sessionstore/SessionStore.jsm, line 1325: uncaught exception: 2147746065
[Parent 2044, Gecko_IOThread] WARNING: file z:/task_1578431244/build/src/ipc/chromium/src/base/process_util_win.cc, line 160
console.error: "Could not write session state file " (new Error("_initWorker called too early! Please read the session file from disk first.", "resource:///modules/sessionstore/SessionFile.jsm", 376)) "_initWorker/<@resource:///modules/sessionstore/SessionFile.jsm:376:15\n_initWorker@resource:///modules/sessionstore/SessionFile.jsm:369:12\n_postToWorker@resource:///modules/sessionstore/SessionFile.jsm:411:16\nwrite@resource:///modules/sessionstore/SessionFile.jsm:450:24\nwrite@resource:///modules/sessionstore/SessionFile.jsm:76:32\n_writeState@resource:///modules/sessionstore/SessionSaver.jsm:360:24\n_saveState@resource:///modules/sessionstore/SessionSaver.jsm:294:17\n_saveStateAsync@resource:///modules/sessionstore/SessionSaver.jsm:344:10\nsaveStateAsyncWhenIdle@resource:///modules/sessionstore/SessionSaver.jsm:191:14\ncallback@resource://gre/modules/Timer.jsm:125:7\n"
[Child 20732, Chrome_ChildThread] WARNING: pipe error: 109: file z:/task_1578431244/build/src/ipc/chromium/src/chrome/common/ipc_channel_win.cc, line 341
JavaScript error: resource:///modules/sessionstore/SessionStore.jsm, line 1325: uncaught exception: 2147746065
1582397085849	Marionette	INFO	Listening on port 62549
1582397086014	Marionette	INFO	Listening on port 62552
1582397086241	Marionette	INFO	Listening on port 62553
Feb 23, 2020 12:14:47 AM org.openqa.selenium.remote.ProtocolHandshake createSession
INFO: Detected dialect: W3C
Feb 23, 2020 12:14:47 AM org.openqa.selenium.remote.ProtocolHandshake createSession
INFO: Detected dialect: W3C
Feb 23, 2020 12:14:47 AM org.openqa.selenium.remote.ProtocolHandshake createSession
INFO: Detected dialect: W3C
1582397108778	Marionette	WARN	TimedPromise timed out after 500 ms: stacktrace:
bail@chrome://marionette/content/sync.js:237:64
1582397109119	Marionette	WARN	TimedPromise timed out after 500 ms: stacktrace:
bail@chrome://marionette/content/sync.js:237:64
1582397121567	Marionette	WARN	TimedPromise timed out after 500 ms: stacktrace:
bail@chrome://marionette/content/sync.js:237:64
]]></system-err>
  </testcase>
  <testcase name="DealsTestMethod" classname="com.amazon.tests.DealsTest" time="28.519"/>
  <testcase name="DealsTestMethod" classname="com.amazon.tests.DealsTest" time="28.688"/>
</testsuite>