<?xml version="1.0" encoding="UTF-8"?>
<testng-results skipped="0" failed="0" ignored="0" total="2" passed="2">
  <reporter-output>
  </reporter-output>
  <suite name="Suite" duration-ms="119857" started-at="2020-02-23T00:13:51 IST" finished-at="2020-02-23T00:15:51 IST">
    <groups>
    </groups>
    <test name="DealsTest" duration-ms="119857" started-at="2020-02-23T00:13:51 IST" finished-at="2020-02-23T00:15:51 IST">
      <class name="com.amazon.tests.DealsTest">
        <test-method status="PASS" signature="Setup(java.lang.String, java.lang.String)[pri:0, instance:com.amazon.tests.DealsTest@221af3c0]" name="Setup" is-config="true" duration-ms="73086" started-at="2020-02-23T00:13:51 IST" finished-at="2020-02-23T00:15:04 IST">
          <params>
            <param index="0">
              <value>
                <![CDATA[firefox]]>
              </value>
            </param>
            <param index="1">
              <value>
                <![CDATA[http://amazon.in/]]>
              </value>
            </param>
          </params>
          <reporter-output>
          </reporter-output>
        </test-method> <!-- Setup -->
        <test-method status="PASS" signature="Setup(java.lang.String, java.lang.String)[pri:0, instance:com.amazon.tests.DealsTest@221af3c0]" name="Setup" is-config="true" duration-ms="73186" started-at="2020-02-23T00:13:51 IST" finished-at="2020-02-23T00:15:04 IST">
          <params>
            <param index="0">
              <value>
                <![CDATA[firefox]]>
              </value>
            </param>
            <param index="1">
              <value>
                <![CDATA[http://amazon.in/]]>
              </value>
            </param>
          </params>
          <reporter-output>
          </reporter-output>
        </test-method> <!-- Setup -->
        <test-method status="PASS" signature="DealsTestMethod(java.lang.String)[pri:0, instance:com.amazon.tests.DealsTest@221af3c0]" name="DealsTestMethod" duration-ms="29025" started-at="2020-02-23T00:15:04 IST" data-provider="GetData" finished-at="2020-02-23T00:15:33 IST">
          <params>
            <param index="0">
              <value>
                <![CDATA[Appliances]]>
              </value>
            </param>
          </params>
          <reporter-output>
          </reporter-output>
        </test-method> <!-- DealsTestMethod -->
        <test-method status="PASS" signature="DealsTestMethod(java.lang.String)[pri:0, instance:com.amazon.tests.DealsTest@221af3c0]" name="DealsTestMethod" duration-ms="28847" started-at="2020-02-23T00:15:04 IST" data-provider="GetData" finished-at="2020-02-23T00:15:33 IST">
          <params>
            <param index="0">
              <value>
                <![CDATA[Beauty]]>
              </value>
            </param>
          </params>
          <reporter-output>
          </reporter-output>
        </test-method> <!-- DealsTestMethod -->
        <test-method status="PASS" signature="TearDown()[pri:0, instance:com.amazon.tests.DealsTest@221af3c0]" name="TearDown" is-config="true" duration-ms="13862" started-at="2020-02-23T00:15:33 IST" finished-at="2020-02-23T00:15:47 IST">
          <reporter-output>
          </reporter-output>
        </test-method> <!-- TearDown -->
        <test-method status="PASS" signature="TearDown()[pri:0, instance:com.amazon.tests.DealsTest@221af3c0]" name="TearDown" is-config="true" duration-ms="17033" started-at="2020-02-23T00:15:34 IST" finished-at="2020-02-23T00:15:51 IST">
          <reporter-output>
          </reporter-output>
        </test-method> <!-- TearDown -->
      </class> <!-- com.amazon.tests.DealsTest -->
    </test> <!-- DealsTest -->
  </suite> <!-- Suite -->
</testng-results>
