<?xml version="1.0" encoding="UTF-8"?>
<testsuite xmlns:xsi="http://www.w3.org/2001/XMLSchema-instance" xsi:noNamespaceSchemaLocation="https://maven.apache.org/surefire/maven-surefire-plugin/xsd/surefire-test-report-3.0.xsd" version="3.0" name="TestSuite" time="69.626" tests="3" errors="0" skipped="0" failures="1">
  <properties>
[...]
</properties>
  <testcase name="GiftsTestMethod" classname="com.amazon.tests.GiftsTest" time="8.982">
    <failure message="org/openqa/selenium/WrapsDriver" type="java.lang.NoClassDefFoundError"><![CDATA[java.lang.NoClassDefFoundError: org/openqa/selenium/WrapsDriver
	at com.amazon.tests.GiftsTest.GiftsTestMethod(GiftsTest.java:22)
Caused by: java.lang.ClassNotFoundException: org.openqa.selenium.WrapsDriver
	at com.amazon.tests.GiftsTest.GiftsTestMethod(GiftsTest.java:22)
]]></failure>
    <system-out><![CDATA[The Test execution is started
The Test execution is started
DealsTestMethod test case started
 INFO [TestNG-PoolService-0] (DealsTest.java:22) - Starting Deals Test Method
GiftsTestMethod test case started
 INFO [TestNG-tests-2] (GiftsTest.java:18) - Starting Gifts Test Method
DealsTestMethod test case started
 INFO [TestNG-PoolService-1] (DealsTest.java:22) - Starting Deals Test Method
 INFO [TestNG-PoolService-0] (HomePage.java:33) - Trying to click on Deals link
 INFO [TestNG-PoolService-0] (BaseActions.java:82) - Trying to click on element with the locator path:By.linkText: Today's Deals
 INFO [TestNG-tests-2] (HomePage.java:53) - Trying to click on Gift Cards Link
 INFO [TestNG-tests-2] (BaseActions.java:82) - Trying to click on element with the locator path:By.linkText: Gift Ideas
 INFO [TestNG-PoolService-1] (HomePage.java:33) - Trying to click on Deals link
 INFO [TestNG-PoolService-1] (BaseActions.java:82) - Trying to click on element with the locator path:By.linkText: Today's Deals
 INFO [TestNG-PoolService-0] (BaseActions.java:84) - Successfully clicked on element with the locator path:By.linkText: Today's Deals
 INFO [TestNG-PoolService-0] (HomePage.java:35) - Successfully clicked on Deals link
 INFO [TestNG-PoolService-1] (BaseActions.java:84) - Successfully clicked on element with the locator path:By.linkText: Today's Deals
 INFO [TestNG-PoolService-1] (HomePage.java:35) - Successfully clicked on Deals link
 INFO [TestNG-PoolService-1] (BaseActions.java:82) - Trying to click on element with the locator path:By.xpath: /html/body/div[1]/header/div/div[4]/a[2]/span
 INFO [TestNG-PoolService-0] (BaseActions.java:82) - Trying to click on element with the locator path:By.xpath: /html/body/div[1]/header/div/div[4]/a[2]/span
 INFO [TestNG-PoolService-0] (BaseActions.java:84) - Successfully clicked on element with the locator path:By.xpath: /html/body/div[1]/header/div/div[4]/a[2]/span
 INFO [TestNG-PoolService-0] (BaseActions.java:90) - Trying to send text to element with the locator path:By.xpath: //*[@id='twotabsearchtextbox']
 INFO [TestNG-PoolService-1] (BaseActions.java:84) - Successfully clicked on element with the locator path:By.xpath: /html/body/div[1]/header/div/div[4]/a[2]/span
 INFO [TestNG-PoolService-1] (BaseActions.java:90) - Trying to send text to element with the locator path:By.xpath: //*[@id='twotabsearchtextbox']
 INFO [TestNG-PoolService-1] (BaseActions.java:92) - Successfully sent text to element with the locator path:By.xpath: //*[@id='twotabsearchtextbox']
 INFO [TestNG-PoolService-1] (BaseActions.java:82) - Trying to click on element with the locator path:By.xpath: //*[@id='nav-search']/form/div[2]/div/input
 INFO [TestNG-PoolService-0] (BaseActions.java:92) - Successfully sent text to element with the locator path:By.xpath: //*[@id='twotabsearchtextbox']
 INFO [TestNG-PoolService-0] (BaseActions.java:82) - Trying to click on element with the locator path:By.xpath: //*[@id='nav-search']/form/div[2]/div/input
]]></system-out>
    <system-err><![CDATA[log4j:WARN No appenders could be found for logger (org.apache.http.client.protocol.RequestAddCookies).
log4j:WARN Please initialize the log4j system properly.
log4j:WARN No appenders could be found for logger (org.apache.http.client.protocol.RequestAddCookies).
log4j:WARN Please initialize the log4j system properly.
log4j:WARN See http://logging.apache.org/log4j/1.2/faq.html#noconfig for more info.
log4j:WARN No appenders could be found for logger (org.apache.http.client.protocol.RequestAddCookies).
log4j:WARN Please initialize the log4j system properly.
log4j:WARN See http://logging.apache.org/log4j/1.2/faq.html#noconfig for more info.
log4j:WARN See http://logging.apache.org/log4j/1.2/faq.html#noconfig for more info.
1582395527200	mozrunner::runner	INFO	Running command: "C:\\Program Files (x86)\\Mozilla Firefox\\firefox.exe" "-marionette" "-foreground" "-no-remote" "-profile" "C:\\Users\\ckh6kor\\AppData\\Local\\Temp\\rust_mozprofilebIDT11"
1582395527237	mozrunner::runner	INFO	Running command: "C:\\Program Files (x86)\\Mozilla Firefox\\firefox.exe" "-marionette" "-foreground" "-no-remote" "-profile" "C:\\Users\\ckh6kor\\AppData\\Local\\Temp\\rust_mozprofileqRFiv1"
1582395527250	mozrunner::runner	INFO	Running command: "C:\\Program Files (x86)\\Mozilla Firefox\\firefox.exe" "-marionette" "-foreground" "-no-remote" "-profile" "C:\\Users\\ckh6kor\\AppData\\Local\\Temp\\rust_mozprofileOt7aNF"
1582395530910	addons.webextension.screenshots@mozilla.org	WARN	Loading extension 'screenshots@mozilla.org': Reading manifest: Invalid extension permission: mozillaAddons
1582395530910	addons.webextension.screenshots@mozilla.org	WARN	Loading extension 'screenshots@mozilla.org': Reading manifest: Invalid extension permission: telemetry
1582395530911	addons.webextension.screenshots@mozilla.org	WARN	Loading extension 'screenshots@mozilla.org': Reading manifest: Invalid extension permission: resource://pdf.js/
1582395530911	addons.webextension.screenshots@mozilla.org	WARN	Loading extension 'screenshots@mozilla.org': Reading manifest: Invalid extension permission: about:reader*
1582395531089	addons.webextension.screenshots@mozilla.org	WARN	Loading extension 'screenshots@mozilla.org': Reading manifest: Invalid extension permission: mozillaAddons
1582395531103	addons.webextension.screenshots@mozilla.org	WARN	Loading extension 'screenshots@mozilla.org': Reading manifest: Invalid extension permission: telemetry
1582395531105	addons.webextension.screenshots@mozilla.org	WARN	Loading extension 'screenshots@mozilla.org': Reading manifest: Invalid extension permission: resource://pdf.js/
1582395531107	addons.webextension.screenshots@mozilla.org	WARN	Loading extension 'screenshots@mozilla.org': Reading manifest: Invalid extension permission: about:reader*
1582395531192	addons.webextension.screenshots@mozilla.org	WARN	Loading extension 'screenshots@mozilla.org': Reading manifest: Invalid extension permission: mozillaAddons
1582395531192	addons.webextension.screenshots@mozilla.org	WARN	Loading extension 'screenshots@mozilla.org': Reading manifest: Invalid extension permission: telemetry
1582395531193	addons.webextension.screenshots@mozilla.org	WARN	Loading extension 'screenshots@mozilla.org': Reading manifest: Invalid extension permission: resource://pdf.js/
1582395531193	addons.webextension.screenshots@mozilla.org	WARN	Loading extension 'screenshots@mozilla.org': Reading manifest: Invalid extension permission: about:reader*
JavaScript error: resource:///modules/sessionstore/SessionStore.jsm, line 1325: uncaught exception: 2147746065
JavaScript error: resource:///modules/sessionstore/SessionStore.jsm, line 1325: uncaJavaScript error: resource:///modules/sessionstore/SessionStore.jsm, line 1325: uncaught excepught exception: 2147746065
tion: 2147746065
1582395543592	Marionette	INFO	Listening on port 61303
1582395543736	Marionette	INFO	Listening on port 61304
1582395543871	Marionette	INFO	Listening on port 61302
Feb 22, 2020 11:49:04 PM org.openqa.selenium.remote.ProtocolHandshake createSession
INFO: Detected dialect: W3C
Feb 22, 2020 11:49:04 PM org.openqa.selenium.remote.ProtocolHandshake createSession
INFO: Detected dialect: W3C
Feb 22, 2020 11:49:04 PM org.openqa.selenium.remote.ProtocolHandshake createSession
INFO: Detected dialect: W3C
1582395562678	Marionette	WARN	TimedPromise timed out after 500 ms: stacktrace:
bail@chrome://marionette/content/sync.js:237:64
SLF4J: Failed to load class "org.slf4j.impl.StaticLoggerBinder".
SLF4J: Defaulting to no-operation (NOP) logger implementation
SLF4J: See http://www.slf4j.org/codes.html#StaticLoggerBinder for further details.
1582395571726	Marionette	WARN	TimedPromise timed out after 500 ms: stacktrace:
bail@chrome://marionette/content/sync.js:237:64
1582395571859	Marionette	WARN	TimedPromise timed out after 500 ms: stacktrace:
bail@chrome://marionette/content/sync.js:237:64
]]></system-err>
  </testcase>
  <testcase name="DealsTestMethod" classname="com.amazon.tests.DealsTest" time="16.83"/>
  <testcase name="DealsTestMethod" classname="com.amazon.tests.DealsTest" time="16.848"/>
</testsuite>