<?xml version="1.0" encoding="UTF-8"?>
<testng-results skipped="0" failed="0" ignored="0" total="2" passed="2">
  <reporter-output>
  </reporter-output>
  <suite name="Suite" duration-ms="67500" started-at="2020-02-22T23:48:44 IST" finished-at="2020-02-22T23:49:52 IST">
    <groups>
    </groups>
    <test name="DealsTest" duration-ms="67500" started-at="2020-02-22T23:48:44 IST" finished-at="2020-02-22T23:49:52 IST">
      <class name="com.amazon.tests.DealsTest">
        <test-method status="PASS" signature="Setup(java.lang.String, java.lang.String)[pri:0, instance:com.amazon.tests.DealsTest@15d9bc04]" name="Setup" is-config="true" duration-ms="33691" started-at="2020-02-22T23:48:44 IST" finished-at="2020-02-22T23:49:18 IST">
          <params>
            <param index="0">
              <value>
                <![CDATA[firefox]]>
              </value>
            </param>
            <param index="1">
              <value>
                <![CDATA[http://amazon.in/]]>
              </value>
            </param>
          </params>
          <reporter-output>
          </reporter-output>
        </test-method> <!-- Setup -->
        <test-method status="PASS" signature="Setup(java.lang.String, java.lang.String)[pri:0, instance:com.amazon.tests.DealsTest@15d9bc04]" name="Setup" is-config="true" duration-ms="35333" started-at="2020-02-22T23:48:44 IST" finished-at="2020-02-22T23:49:20 IST">
          <params>
            <param index="0">
              <value>
                <![CDATA[firefox]]>
              </value>
            </param>
            <param index="1">
              <value>
                <![CDATA[http://amazon.in/]]>
              </value>
            </param>
          </params>
          <reporter-output>
          </reporter-output>
        </test-method> <!-- Setup -->
        <test-method status="PASS" signature="DealsTestMethod(java.lang.String)[pri:0, instance:com.amazon.tests.DealsTest@15d9bc04]" name="DealsTestMethod" duration-ms="23156" started-at="2020-02-22T23:49:18 IST" data-provider="GetData" finished-at="2020-02-22T23:49:41 IST">
          <params>
            <param index="0">
              <value>
                <![CDATA[Appliances]]>
              </value>
            </param>
          </params>
          <reporter-output>
          </reporter-output>
        </test-method> <!-- DealsTestMethod -->
        <test-method status="PASS" signature="DealsTestMethod(java.lang.String)[pri:0, instance:com.amazon.tests.DealsTest@15d9bc04]" name="DealsTestMethod" duration-ms="21523" started-at="2020-02-22T23:49:20 IST" data-provider="GetData" finished-at="2020-02-22T23:49:41 IST">
          <params>
            <param index="0">
              <value>
                <![CDATA[Beauty]]>
              </value>
            </param>
          </params>
          <reporter-output>
          </reporter-output>
        </test-method> <!-- DealsTestMethod -->
        <test-method status="PASS" signature="TearDown()[pri:0, instance:com.amazon.tests.DealsTest@15d9bc04]" name="TearDown" is-config="true" duration-ms="10322" started-at="2020-02-22T23:49:41 IST" finished-at="2020-02-22T23:49:52 IST">
          <reporter-output>
          </reporter-output>
        </test-method> <!-- TearDown -->
        <test-method status="PASS" signature="TearDown()[pri:0, instance:com.amazon.tests.DealsTest@15d9bc04]" name="TearDown" is-config="true" duration-ms="9803" started-at="2020-02-22T23:49:41 IST" finished-at="2020-02-22T23:49:51 IST">
          <reporter-output>
          </reporter-output>
        </test-method> <!-- TearDown -->
      </class> <!-- com.amazon.tests.DealsTest -->
    </test> <!-- DealsTest -->
  </suite> <!-- Suite -->
</testng-results>
