<?xml version="1.0" encoding="UTF-8"?>
<testng-results skipped="0" failed="0" ignored="0" total="1" passed="1">
  <reporter-output>
  </reporter-output>
  <suite name="Suite" duration-ms="156785" started-at="2020-02-22T22:02:46 IST" finished-at="2020-02-22T22:05:23 IST">
    <groups>
    </groups>
    <test name="GiftsTest" duration-ms="156785" started-at="2020-02-22T22:02:46 IST" finished-at="2020-02-22T22:05:23 IST">
      <class name="com.amazon.tests.GiftsTest">
        <test-method status="PASS" signature="Setup(java.lang.String, java.lang.String)[pri:0, instance:com.amazon.tests.GiftsTest@97e93f1]" name="Setup" is-config="true" duration-ms="29800" started-at="2020-02-22T22:02:46 IST" finished-at="2020-02-22T22:03:16 IST">
          <params>
            <param index="0">
              <value>
                <![CDATA[firefox]]>
              </value>
            </param>
            <param index="1">
              <value>
                <![CDATA[http://amazon.in/]]>
              </value>
            </param>
          </params>
          <reporter-output>
          </reporter-output>
        </test-method> <!-- Setup -->
        <test-method status="PASS" signature="GiftsTestMethod()[pri:0, instance:com.amazon.tests.GiftsTest@97e93f1]" name="GiftsTestMethod" duration-ms="110077" started-at="2020-02-22T22:03:16 IST" finished-at="2020-02-22T22:05:06 IST">
          <reporter-output>
          </reporter-output>
        </test-method> <!-- GiftsTestMethod -->
        <test-method status="PASS" signature="TearDown()[pri:0, instance:com.amazon.tests.GiftsTest@97e93f1]" name="TearDown" is-config="true" duration-ms="6627" started-at="2020-02-22T22:05:16 IST" finished-at="2020-02-22T22:05:23 IST">
          <reporter-output>
          </reporter-output>
        </test-method> <!-- TearDown -->
      </class> <!-- com.amazon.tests.GiftsTest -->
    </test> <!-- GiftsTest -->
  </suite> <!-- Suite -->
</testng-results>
